TN:
SF:src/app.ts
FNF:0
FNH:0
DA:1,1
DA:2,1
DA:3,1
DA:4,1
DA:5,1
DA:6,1
DA:7,1
DA:8,1
DA:9,1
DA:10,1
DA:11,1
DA:12,1
DA:13,1
DA:14,1
DA:15,1
DA:16,1
LF:16
LH:16
BRF:0
BRH:0
end_of_record
TN:
SF:src/data-source.ts
FNF:0
FNH:0
DA:1,1
DA:2,1
DA:3,1
DA:4,1
DA:5,1
DA:6,1
DA:7,1
DA:8,1
DA:9,1
DA:10,1
DA:11,1
DA:12,1
DA:13,0
DA:14,0
DA:15,0
DA:16,0
DA:17,0
DA:18,0
DA:19,0
DA:20,0
DA:21,0
DA:22,0
DA:23,0
DA:24,0
DA:25,0
DA:26,0
DA:27,0
DA:28,0
DA:29,1
DA:30,1
DA:31,1
LF:31
LH:15
BRDA:12,0,0,0
BRF:1
BRH:0
end_of_record
TN:
SF:src/__test__/mocks/index.ts
FNF:0
FNH:0
DA:1,1
DA:2,1
DA:3,1
DA:4,1
DA:5,1
DA:6,1
DA:7,1
DA:8,1
DA:9,1
DA:10,1
DA:11,1
DA:12,1
DA:13,1
DA:14,1
DA:15,1
DA:16,1
DA:17,1
DA:18,1
DA:19,1
DA:20,1
DA:21,1
DA:22,1
DA:23,1
DA:24,1
DA:25,1
DA:26,1
DA:27,1
DA:28,1
DA:29,1
DA:30,1
DA:31,1
DA:32,1
DA:33,1
DA:34,1
DA:35,1
DA:36,1
DA:37,1
DA:38,1
DA:39,1
DA:40,1
DA:41,1
DA:42,1
DA:43,1
DA:44,1
DA:45,1
DA:46,1
DA:47,1
DA:48,1
DA:49,1
DA:50,1
DA:51,1
DA:52,1
DA:53,1
DA:54,1
DA:55,1
DA:56,1
DA:57,1
DA:58,1
DA:59,1
DA:60,1
DA:61,1
DA:62,1
DA:63,1
DA:64,1
DA:65,1
DA:66,1
DA:67,1
DA:68,1
DA:69,1
DA:70,1
DA:71,1
DA:72,1
DA:73,1
DA:74,1
DA:75,1
DA:76,1
DA:77,1
DA:78,1
DA:79,1
DA:80,1
DA:81,1
DA:82,1
DA:83,1
DA:84,1
DA:85,1
DA:86,1
DA:87,1
DA:88,1
DA:89,1
DA:90,1
DA:91,1
DA:92,1
DA:93,1
DA:94,1
DA:95,1
DA:96,1
DA:97,1
DA:98,1
DA:99,1
DA:100,1
DA:101,1
DA:102,1
DA:103,1
DA:104,1
DA:105,1
DA:106,1
DA:107,1
DA:108,1
DA:109,1
DA:110,1
DA:111,1
DA:112,1
DA:113,1
DA:114,1
DA:115,1
DA:116,1
DA:117,1
DA:118,1
DA:119,1
DA:120,1
LF:120
LH:120
BRF:0
BRH:0
end_of_record
TN:
SF:src/controllers/books/createBooks.controllers.ts
FN:6,createBooksController
FNF:1
FNH:1
FNDA:8,createBooksController
DA:1,1
DA:2,1
DA:3,1
DA:4,1
DA:5,1
DA:6,1
DA:7,8
DA:8,8
DA:9,8
DA:10,4
DA:11,4
DA:12,4
DA:13,4
DA:14,4
DA:15,8
DA:16,1
DA:17,1
LF:17
LH:17
BRDA:6,0,0,8
BRDA:6,1,0,8
BRDA:10,2,0,4
BRF:3
BRH:3
end_of_record
TN:
SF:src/controllers/books/deleteBooks.controller.ts
FN:6,deleteBooksController
FNF:1
FNH:1
FNDA:1,deleteBooksController
DA:1,1
DA:2,1
DA:3,1
DA:4,1
DA:5,1
DA:6,1
DA:7,1
DA:8,1
DA:9,1
DA:10,1
DA:11,1
DA:12,1
DA:13,1
DA:14,0
DA:15,0
DA:16,1
DA:17,1
DA:18,1
LF:18
LH:16
BRDA:6,0,0,1
BRDA:6,1,0,1
BRDA:13,2,0,0
BRF:3
BRH:2
end_of_record
TN:
SF:src/controllers/books/listBooks.controller.ts
FN:5,listBooksController
FNF:1
FNH:1
FNDA:1,listBooksController
DA:1,1
DA:2,1
DA:3,1
DA:4,1
DA:5,1
DA:6,1
DA:7,1
DA:8,1
DA:9,1
DA:10,0
DA:11,0
DA:12,1
DA:13,1
DA:14,1
LF:14
LH:12
BRDA:5,0,0,1
BRDA:5,1,0,1
BRDA:9,2,0,0
BRF:3
BRH:2
end_of_record
TN:
SF:src/controllers/categories/categoriesCreate.controller.ts
FN:5,createCategoriesController
FNF:1
FNH:1
FNDA:7,createCategoriesController
DA:1,1
DA:2,1
DA:3,1
DA:4,1
DA:5,1
DA:6,7
DA:7,7
DA:8,7
DA:9,7
DA:10,4
DA:11,6
DA:12,3
DA:13,3
DA:14,7
DA:15,1
DA:16,1
LF:16
LH:16
BRDA:5,0,0,7
BRDA:5,1,0,7
BRDA:10,2,0,6
BRDA:10,3,0,4
BRDA:11,4,0,3
BRF:5
BRH:5
end_of_record
TN:
SF:src/controllers/categories/listCategories.controllers.ts
FN:5,listCategoriesController
FNF:1
FNH:1
FNDA:2,listCategoriesController
DA:1,1
DA:2,1
DA:3,1
DA:4,1
DA:5,1
DA:6,2
DA:7,2
DA:8,2
DA:9,2
DA:10,0
DA:11,0
DA:12,2
DA:13,1
DA:14,1
LF:14
LH:12
BRDA:5,0,0,2
BRDA:5,1,0,2
BRDA:9,2,0,0
BRF:3
BRH:2
end_of_record
TN:
SF:src/controllers/clubs/clubBooksEntry.controller.ts
FN:5,clubBookEntryController
FNF:1
FNH:1
FNDA:4,clubBookEntryController
DA:1,1
DA:2,1
DA:3,1
DA:4,1
DA:5,1
DA:6,4
DA:7,4
DA:8,4
DA:9,4
DA:10,4
DA:11,2
DA:12,2
DA:13,2
DA:14,2
DA:15,2
DA:16,4
DA:17,1
DA:18,1
LF:18
LH:18
BRDA:5,0,0,4
BRDA:5,1,0,4
BRDA:11,2,0,2
BRF:3
BRH:3
end_of_record
TN:
SF:src/controllers/clubs/clubEntry.controller.ts
FN:5,ClubEntryController
FNF:1
FNH:1
FNDA:3,ClubEntryController
DA:1,1
DA:2,1
DA:3,1
DA:4,1
DA:5,1
DA:6,3
DA:7,3
DA:8,3
DA:9,3
DA:10,3
DA:11,1
DA:12,1
DA:13,1
DA:14,1
DA:15,3
DA:16,2
DA:17,2
DA:18,3
DA:19,1
DA:20,1
LF:20
LH:20
BRDA:5,0,0,3
BRDA:5,1,0,3
BRDA:11,2,0,1
BRDA:15,3,0,2
BRF:4
BRH:4
end_of_record
TN:
SF:src/controllers/clubs/clubListById.controller..ts
FN:6,clubLisByIdController
FNF:1
FNH:1
FNDA:3,clubLisByIdController
DA:1,1
DA:2,1
DA:3,1
DA:4,1
DA:5,1
DA:6,1
DA:7,3
DA:8,3
DA:9,3
DA:10,3
DA:11,1
DA:12,1
DA:13,3
DA:14,2
DA:15,2
DA:16,3
DA:17,1
DA:18,1
LF:18
LH:18
BRDA:6,0,0,3
BRDA:6,1,0,3
BRDA:11,2,0,1
BRDA:13,3,0,2
BRF:4
BRH:4
end_of_record
TN:
SF:src/controllers/clubs/clubMeetings.controller.ts
FN:6,ClubMeetingController
FNF:1
FNH:1
FNDA:2,ClubMeetingController
DA:1,1
DA:2,1
DA:3,1
DA:4,1
DA:5,1
DA:6,1
DA:7,2
DA:8,2
DA:9,2
DA:10,2
DA:11,1
DA:12,1
DA:13,1
DA:14,1
DA:15,1
DA:16,2
DA:17,1
LF:17
LH:17
BRDA:6,0,0,2
BRDA:6,1,0,2
BRDA:11,2,0,1
BRF:3
BRH:3
end_of_record
TN:
SF:src/controllers/clubs/clubUserList.controller.ts
FN:5,ClubUserListController
FNF:1
FNH:1
FNDA:2,ClubUserListController
DA:1,1
DA:2,1
DA:3,1
DA:4,1
DA:5,1
DA:6,2
DA:7,2
DA:8,2
DA:9,2
DA:10,1
DA:11,1
DA:12,1
DA:13,1
DA:14,1
DA:15,2
DA:16,1
DA:17,1
LF:17
LH:17
BRDA:5,0,0,2
BRDA:5,1,0,2
BRDA:10,2,0,1
BRF:3
BRH:3
end_of_record
TN:
SF:src/controllers/clubs/clubsList.controller.ts
FN:5,clubsListController
FNF:1
FNH:1
FNDA:3,clubsListController
DA:1,1
DA:2,1
DA:3,1
DA:4,1
DA:5,1
DA:6,3
DA:7,3
DA:8,3
DA:9,3
DA:10,3
DA:11,0
DA:12,0
DA:13,3
DA:14,1
DA:15,1
LF:15
LH:13
BRDA:5,0,0,3
BRDA:5,1,0,3
BRDA:10,2,0,0
BRF:3
BRH:2
end_of_record
TN:
SF:src/controllers/clubs/clubsListMeetings.controller.ts
FN:5,clubsListMeetingsController
FNF:1
FNH:1
FNDA:2,clubsListMeetingsController
DA:1,1
DA:2,1
DA:3,1
DA:4,1
DA:5,1
DA:6,2
DA:7,2
DA:8,2
DA:9,1
DA:10,1
DA:11,1
DA:12,1
DA:13,2
DA:14,1
DA:15,1
LF:15
LH:15
BRDA:5,0,0,2
BRDA:5,1,0,2
BRDA:9,2,0,1
BRF:3
BRH:3
end_of_record
TN:
SF:src/controllers/clubs/createClub.controller.ts
FN:5,createClubController
FNF:1
FNH:1
FNDA:5,createClubController
DA:1,1
DA:2,1
DA:3,1
DA:4,1
DA:5,1
DA:6,5
DA:7,5
DA:8,5
DA:9,5
DA:10,5
DA:11,3
DA:12,3
DA:13,3
DA:14,2
DA:15,2
DA:16,5
DA:17,1
DA:18,1
LF:18
LH:18
BRDA:5,0,0,5
BRDA:5,1,0,5
BRDA:11,2,0,3
BRDA:13,3,0,2
BRF:4
BRH:4
end_of_record
TN:
SF:src/controllers/clubs/deleteClub.controller.ts
FN:5,deleteClubController
FNF:1
FNH:1
FNDA:1,deleteClubController
DA:1,1
DA:2,1
DA:3,1
DA:4,1
DA:5,1
DA:6,1
DA:7,1
DA:8,1
DA:9,1
DA:10,1
DA:11,1
DA:12,1
DA:13,0
DA:14,0
DA:15,1
DA:16,1
DA:17,1
LF:17
LH:15
BRDA:5,0,0,1
BRDA:5,1,0,1
BRDA:12,2,0,0
BRF:3
BRH:2
end_of_record
TN:
SF:src/controllers/clubs/exitClub.controller.ts
FN:5,exitClubController
FNF:1
FNH:0
FNDA:0,exitClubController
DA:1,1
DA:2,1
DA:3,1
DA:4,1
DA:5,1
DA:6,0
DA:7,0
DA:8,0
DA:9,0
DA:10,0
DA:11,0
DA:12,0
DA:13,0
DA:14,0
DA:15,0
DA:16,0
DA:17,0
DA:18,0
DA:19,1
DA:20,1
LF:20
LH:7
BRF:0
BRH:0
end_of_record
TN:
SF:src/controllers/clubs/updateClub.controller.ts
FN:5,updateClubController
FNF:1
FNH:1
FNDA:1,updateClubController
DA:1,1
DA:2,1
DA:3,1
DA:4,1
DA:5,1
DA:6,1
DA:7,1
DA:8,1
DA:9,1
DA:10,1
DA:11,1
DA:12,1
DA:13,1
DA:14,0
DA:15,0
DA:16,1
DA:17,1
DA:18,1
LF:18
LH:16
BRDA:5,0,0,1
BRDA:5,1,0,1
BRDA:13,2,0,0
BRF:3
BRH:2
end_of_record
TN:
SF:src/controllers/users/UpdateAnUser.controller.ts
FN:6,UpdateAnUserController
FNF:1
FNH:1
FNDA:3,UpdateAnUserController
DA:1,1
DA:2,1
DA:3,1
DA:4,1
DA:5,1
DA:6,1
DA:7,3
DA:8,3
DA:9,3
DA:10,3
DA:11,3
DA:12,1
DA:13,1
DA:14,3
DA:15,2
DA:16,2
DA:17,3
DA:18,1
DA:19,1
LF:19
LH:19
BRDA:6,0,0,3
BRDA:6,1,0,3
BRDA:12,2,0,1
BRDA:14,3,0,2
BRF:4
BRH:4
end_of_record
TN:
SF:src/controllers/users/createUser.controller.ts
FN:6,createUserController
FNF:1
FNH:1
FNDA:7,createUserController
DA:1,1
DA:2,1
DA:3,1
DA:4,1
DA:5,1
DA:6,1
DA:7,7
DA:8,7
DA:9,7
DA:10,6
DA:11,6
DA:12,7
DA:13,1
DA:14,1
DA:15,7
DA:16,1
DA:17,1
LF:17
LH:17
BRDA:6,0,0,7
BRDA:6,1,0,7
BRDA:10,2,0,6
BRDA:12,3,0,1
BRF:4
BRH:4
end_of_record
TN:
SF:src/controllers/users/createUserAdm.controller.ts
FN:6,createUserAdmController
FNF:1
FNH:1
FNDA:1,createUserAdmController
DA:1,1
DA:2,1
DA:3,1
DA:4,1
DA:5,1
DA:6,1
DA:7,1
DA:8,1
DA:9,1
DA:10,1
DA:11,1
DA:12,1
DA:13,0
DA:14,0
DA:15,1
DA:16,1
DA:17,1
LF:17
LH:15
BRDA:6,0,0,1
BRDA:6,1,0,1
BRDA:12,2,0,0
BRF:3
BRH:2
end_of_record
TN:
SF:src/controllers/users/deleteUser.controller.ts
FN:6,deleteUserController
FNF:1
FNH:1
FNDA:1,deleteUserController
DA:1,1
DA:2,1
DA:3,1
DA:4,1
DA:5,1
DA:6,1
DA:7,1
DA:8,1
DA:9,1
DA:10,1
DA:11,1
DA:12,1
DA:13,1
DA:14,0
DA:15,0
DA:16,1
DA:17,1
DA:18,1
LF:18
LH:16
BRDA:6,0,0,1
BRDA:6,1,0,1
BRDA:13,2,0,0
BRF:3
BRH:2
end_of_record
TN:
SF:src/controllers/users/listAnUser.controller.ts
FN:6,ListAnUserController
FNF:1
FNH:1
FNDA:2,ListAnUserController
DA:1,1
DA:2,1
DA:3,1
DA:4,1
DA:5,1
DA:6,1
DA:7,2
DA:8,2
DA:9,2
DA:10,1
DA:11,1
DA:12,1
DA:13,1
DA:14,1
DA:15,2
DA:16,1
DA:17,1
LF:17
LH:17
BRDA:6,0,0,2
BRDA:6,1,0,2
BRDA:10,2,0,1
BRF:3
BRH:3
end_of_record
TN:
SF:src/controllers/users/listUserClubs.controller.ts
FN:6,listUserClubsController
FNF:1
FNH:1
FNDA:2,listUserClubsController
DA:1,1
DA:2,1
DA:3,1
DA:4,1
DA:5,1
DA:6,1
DA:7,2
DA:8,2
DA:9,2
DA:10,2
DA:11,2
DA:12,2
DA:13,2
DA:14,0
DA:15,0
DA:16,2
DA:17,1
DA:18,1
LF:18
LH:16
BRDA:6,0,0,2
BRDA:6,1,0,2
BRDA:13,2,0,0
BRF:3
BRH:2
end_of_record
TN:
SF:src/controllers/users/listUsers.controller.ts
FN:6,ListUsersController
FNF:1
FNH:1
FNDA:10,ListUsersController
DA:1,1
DA:2,1
DA:3,1
DA:4,1
DA:5,1
DA:6,1
DA:7,10
DA:8,10
DA:9,10
DA:10,0
DA:11,0
DA:12,10
DA:13,10
DA:14,0
DA:15,0
DA:16,10
DA:17,1
DA:18,1
LF:18
LH:14
BRDA:6,0,0,10
BRDA:6,1,0,10
BRDA:9,2,0,0
BRDA:13,3,0,0
BRF:4
BRH:2
end_of_record
TN:
SF:src/controllers/users/loginUser.controller.ts
FN:5,loginUserController
FNF:1
FNH:1
FNDA:48,loginUserController
DA:1,1
DA:2,1
DA:3,1
DA:4,1
DA:5,1
DA:6,48
DA:7,48
DA:8,48
DA:9,48
DA:10,1
DA:11,1
DA:12,1
DA:13,1
DA:14,1
DA:15,1
DA:16,47
DA:17,47
DA:18,46
DA:19,46
DA:20,48
DA:21,1
DA:22,1
DA:23,48
DA:24,1
DA:25,1
LF:25
LH:25
BRDA:5,0,0,48
BRDA:5,1,0,48
BRDA:9,2,0,47
BRDA:9,3,0,1
BRDA:16,4,0,47
BRDA:18,5,0,46
BRDA:20,6,0,1
BRF:7
BRH:7
end_of_record
TN:
SF:src/controllers/users/userBooks.controller.ts
FN:7,booksUserController
FNF:1
FNH:1
FNDA:2,booksUserController
DA:1,1
DA:2,1
DA:3,1
DA:4,1
DA:5,1
DA:6,1
DA:7,1
DA:8,2
DA:9,2
DA:10,2
DA:11,2
DA:12,1
DA:13,1
DA:14,1
DA:15,1
DA:16,1
DA:17,2
DA:18,1
DA:19,1
LF:19
LH:19
BRDA:7,0,0,2
BRDA:7,1,0,2
BRDA:12,2,0,1
BRF:3
BRH:3
end_of_record
TN:
SF:src/entities/books.entity.ts
FN:29,BooksEntity
FN:18,Object.<anonymous>.__decorate.eager
FN:19,Object.<anonymous>.__decorate.eager
FNF:3
FNH:3
FNDA:19,BooksEntity
FNDA:4,Object.<anonymous>.__decorate.eager
FNDA:4,Object.<anonymous>.__decorate.eager
DA:1,1
DA:2,1
DA:3,1
DA:4,1
DA:5,1
DA:6,1
DA:7,1
DA:8,1
DA:9,1
DA:10,1
DA:11,1
DA:12,1
DA:13,1
DA:14,1
DA:15,1
DA:16,1
DA:17,1
DA:18,1
DA:19,1
DA:20,1
DA:21,1
DA:22,1
DA:23,1
DA:24,1
DA:25,1
DA:26,1
DA:27,1
DA:28,1
DA:29,1
DA:30,19
DA:31,19
DA:32,19
DA:33,19
DA:34,1
LF:34
LH:34
BRDA:29,0,0,19
BRDA:18,1,0,4
BRDA:19,2,0,4
BRDA:26,3,0,4
BRDA:26,4,0,4
BRF:5
BRH:5
end_of_record
TN:
SF:src/entities/categories.entity.ts
FN:16,CategoriesEntity
FNF:1
FNH:1
FNDA:34,CategoriesEntity
DA:1,1
DA:2,1
DA:3,1
DA:4,1
DA:5,1
DA:6,1
DA:7,1
DA:8,1
DA:9,1
DA:10,1
DA:11,1
DA:12,1
DA:13,1
DA:14,1
DA:15,1
DA:16,1
DA:17,34
DA:18,34
DA:19,34
DA:20,34
DA:21,1
LF:21
LH:21
BRDA:16,0,0,34
BRDA:13,1,0,4
BRDA:13,2,0,4
BRF:3
BRH:3
end_of_record
TN:
SF:src/entities/club_book.entity.ts
FN:31,ClubBookEntity
FN:18,Object.<anonymous>.__decorate.eager
FN:18,Object.<anonymous>.__decorate.eager
FN:23,Object.<anonymous>.__decorate.eager
FN:23,Object.<anonymous>.__decorate.eager
FNF:5
FNH:5
FNDA:7,ClubBookEntity
FNDA:4,Object.<anonymous>.__decorate.eager
FNDA:4,Object.<anonymous>.__decorate.eager
FNDA:4,Object.<anonymous>.__decorate.eager
FNDA:4,Object.<anonymous>.__decorate.eager
DA:1,1
DA:2,1
DA:3,1
DA:4,1
DA:5,1
DA:6,1
DA:7,1
DA:8,1
DA:9,1
DA:10,1
DA:11,1
DA:12,1
DA:13,1
DA:14,1
DA:15,1
DA:16,1
DA:17,1
DA:18,1
DA:19,1
DA:20,1
DA:21,1
DA:22,1
DA:23,1
DA:24,1
DA:25,1
DA:26,1
DA:27,1
DA:28,1
DA:29,1
DA:30,1
DA:31,1
DA:32,7
DA:33,7
DA:34,7
DA:35,7
DA:36,1
LF:36
LH:36
BRDA:31,0,0,7
BRDA:18,1,0,4
BRDA:18,2,0,4
BRDA:23,3,0,4
BRDA:23,4,0,4
BRF:5
BRH:5
end_of_record
TN:
SF:src/entities/clubs.entity.ts
FN:46,ClubsEntity
FN:32,Object.<anonymous>.__decorate.eager
FN:32,Object.<anonymous>.__decorate.eager
FNF:3
FNH:3
FNDA:48,ClubsEntity
FNDA:4,Object.<anonymous>.__decorate.eager
FNDA:4,Object.<anonymous>.__decorate.eager
DA:1,1
DA:2,1
DA:3,1
DA:4,1
DA:5,1
DA:6,1
DA:7,1
DA:8,1
DA:9,1
DA:10,1
DA:11,1
DA:12,1
DA:13,1
DA:14,1
DA:15,1
DA:16,1
DA:17,1
DA:18,1
DA:19,1
DA:20,1
DA:21,1
DA:22,1
DA:23,1
DA:24,1
DA:25,1
DA:26,1
DA:27,1
DA:28,1
DA:29,1
DA:30,1
DA:31,1
DA:32,1
DA:33,1
DA:34,1
DA:35,1
DA:36,1
DA:37,1
DA:38,1
DA:39,1
DA:40,1
DA:41,1
DA:42,1
DA:43,1
DA:44,1
DA:45,1
DA:46,1
DA:47,48
DA:48,48
DA:49,48
DA:50,48
DA:51,1
LF:51
LH:51
BRDA:46,0,0,48
BRDA:32,1,0,4
BRDA:32,2,0,4
BRDA:37,3,0,4
BRDA:37,4,0,4
BRDA:40,5,0,4
BRDA:40,6,0,4
BRDA:43,7,0,4
BRDA:43,8,0,4
BRF:9
BRH:9
end_of_record
TN:
SF:src/entities/meetings.entity.ts
FN:24,MeetingsEntity
FN:10,Object.<anonymous>.__decorate.eager
FN:10,Object.<anonymous>.__decorate.eager
FNF:3
FNH:3
FNDA:6,MeetingsEntity
FNDA:4,Object.<anonymous>.__decorate.eager
FNDA:4,Object.<anonymous>.__decorate.eager
DA:1,1
DA:2,1
DA:3,1
DA:4,1
DA:5,1
DA:6,1
DA:7,1
DA:8,1
DA:9,1
DA:10,1
DA:11,1
DA:12,1
DA:13,1
DA:14,1
DA:15,1
DA:16,1
DA:17,1
DA:18,1
DA:19,1
DA:20,1
DA:21,1
DA:22,1
DA:23,1
DA:24,1
DA:25,6
DA:26,6
DA:27,6
DA:28,6
DA:29,1
LF:29
LH:29
BRDA:24,0,0,6
BRDA:10,1,0,4
BRDA:10,2,0,4
BRF:3
BRH:3
end_of_record
TN:
SF:src/entities/user_club.entity.ts
FN:21,UsersClubsEntity
FN:11,Object.<anonymous>.__decorate.eager
FN:11,Object.<anonymous>.__decorate.eager
FN:16,Object.<anonymous>.__decorate.eager
FN:16,Object.<anonymous>.__decorate.eager
FNF:5
FNH:5
FNDA:12,UsersClubsEntity
FNDA:4,Object.<anonymous>.__decorate.eager
FNDA:4,Object.<anonymous>.__decorate.eager
FNDA:4,Object.<anonymous>.__decorate.eager
FNDA:4,Object.<anonymous>.__decorate.eager
DA:1,1
DA:2,1
DA:3,1
DA:4,1
DA:5,1
DA:6,1
DA:7,1
DA:8,1
DA:9,1
DA:10,1
DA:11,1
DA:12,1
DA:13,1
DA:14,1
DA:15,1
DA:16,1
DA:17,1
DA:18,1
DA:19,1
DA:20,1
DA:21,1
DA:22,12
DA:23,12
DA:24,12
DA:25,12
DA:26,1
LF:26
LH:26
BRDA:21,0,0,12
BRDA:11,1,0,4
BRDA:11,2,0,4
BRDA:16,3,0,4
BRDA:16,4,0,4
BRF:5
BRH:5
end_of_record
TN:
SF:src/entities/users.entity.ts
FN:37,UsersEntity
FNF:1
FNH:1
FNDA:147,UsersEntity
DA:1,1
DA:2,1
DA:3,1
DA:4,1
DA:5,1
DA:6,1
DA:7,1
DA:8,1
DA:9,1
DA:10,1
DA:11,1
DA:12,1
DA:13,1
DA:14,1
DA:15,1
DA:16,1
DA:17,1
DA:18,1
DA:19,1
DA:20,1
DA:21,1
DA:22,1
DA:23,1
DA:24,1
DA:25,1
DA:26,1
DA:27,1
DA:28,1
DA:29,1
DA:30,1
DA:31,1
DA:32,1
DA:33,1
DA:34,1
DA:35,1
DA:36,1
DA:37,1
DA:38,147
DA:39,147
DA:40,147
DA:41,147
DA:42,1
LF:42
LH:42
BRDA:37,0,0,147
BRDA:29,1,0,4
BRDA:30,2,0,4
BRDA:34,3,0,4
BRDA:34,4,0,4
BRF:5
BRH:5
end_of_record
TN:
SF:src/errors/appError.ts
FN:6,AppError
FN:13,handleError
FNF:2
FNH:2
FNDA:24,AppError
FNDA:24,handleError
DA:1,1
DA:2,1
DA:3,1
DA:4,1
DA:5,1
DA:6,1
DA:7,24
DA:8,24
DA:9,24
DA:10,24
DA:11,1
DA:12,1
DA:13,1
DA:14,24
DA:15,24
DA:16,24
DA:17,24
DA:18,24
DA:19,24
DA:20,24
DA:21,0
DA:22,0
DA:23,0
DA:24,0
DA:25,0
DA:26,0
LF:26
LH:20
BRDA:6,0,0,24
BRDA:13,1,0,24
BRDA:21,2,0,0
BRF:3
BRH:2
end_of_record
TN:
SF:src/middlewares/adm.middleware.ts
FN:3,admMiddlleware
FNF:1
FNH:1
FNDA:2,admMiddlleware
DA:1,1
DA:2,1
DA:3,1
DA:4,2
DA:5,2
DA:6,2
DA:7,2
DA:8,2
DA:9,2
DA:10,2
DA:11,1
DA:12,1
DA:13,1
DA:14,1
DA:15,1
DA:16,1
DA:17,1
DA:18,1
DA:19,1
DA:20,1
LF:20
LH:20
BRDA:3,0,0,2
BRDA:7,1,0,2
BRDA:10,2,0,1
BRF:3
BRH:3
end_of_record
TN:
SF:src/middlewares/auth.middleware.ts
FN:6,AuthMiddlewares
FNF:1
FNH:1
FNDA:66,AuthMiddlewares
DA:1,1
DA:2,1
DA:3,1
DA:4,1
DA:5,1
DA:6,1
DA:7,66
DA:8,66
DA:9,66
DA:10,66
DA:11,66
DA:12,66
DA:13,66
DA:14,66
DA:15,14
DA:16,14
DA:17,14
DA:18,14
DA:19,14
DA:20,14
DA:21,52
DA:22,52
DA:23,52
DA:24,52
DA:25,52
DA:26,52
DA:27,52
DA:28,52
DA:29,0
DA:30,0
DA:31,0
DA:32,0
DA:33,0
DA:34,0
DA:35,52
DA:36,52
DA:37,52
DA:38,52
DA:39,52
DA:40,52
DA:41,66
DA:42,0
DA:43,0
DA:44,0
DA:45,0
DA:46,0
DA:47,0
DA:48,0
DA:49,66
DA:50,1
DA:51,1
LF:51
LH:38
BRDA:6,0,0,66
BRDA:10,1,0,66
BRDA:14,2,0,14
BRDA:21,3,0,52
BRDA:41,4,0,0
BRDA:27,5,0,52
BRDA:28,6,0,0
BRF:7
BRH:5
end_of_record
TN:
SF:src/middlewares/clubAdm.middleware.ts
FN:6,clubAdmMiddlleware
FNF:1
FNH:1
FNDA:12,clubAdmMiddlleware
DA:1,1
DA:2,1
DA:3,1
DA:4,1
DA:5,1
DA:6,1
DA:7,12
DA:8,12
DA:9,12
DA:10,12
DA:11,12
DA:12,12
DA:13,12
DA:14,12
DA:15,12
DA:16,12
DA:17,12
DA:18,12
DA:19,12
DA:20,12
DA:21,12
DA:22,12
DA:23,4
DA:24,4
DA:25,4
DA:26,4
DA:27,4
DA:28,4
DA:29,8
DA:30,12
DA:31,0
DA:32,0
DA:33,0
DA:34,0
DA:35,0
DA:36,0
DA:37,8
DA:38,8
DA:39,8
DA:40,1
DA:41,1
LF:41
LH:35
BRDA:6,0,0,12
BRDA:10,1,0,12
BRDA:22,2,0,4
BRDA:29,3,0,8
BRDA:30,4,0,0
BRDA:37,5,0,8
BRF:6
BRH:5
end_of_record
TN:
SF:src/middlewares/ownerUser.middleware.ts
FN:3,OwnerMiddleware
FNF:1
FNH:1
FNDA:7,OwnerMiddleware
DA:1,1
DA:2,1
DA:3,1
DA:4,7
DA:5,7
DA:6,7
DA:7,7
DA:8,7
DA:9,7
DA:10,7
DA:11,7
DA:12,3
DA:13,3
DA:14,3
DA:15,3
DA:16,3
DA:17,3
DA:18,4
DA:19,4
DA:20,4
DA:21,1
DA:22,1
LF:22
LH:22
BRDA:3,0,0,7
BRDA:7,1,0,7
BRDA:11,2,0,3
BRDA:18,3,0,4
BRF:4
BRH:4
end_of_record
TN:
SF:src/routes/bookRoutes.ts
FNF:0
FNH:0
DA:1,1
DA:2,1
DA:3,1
DA:4,1
DA:5,1
DA:6,1
DA:7,1
DA:8,1
DA:9,1
DA:10,1
DA:11,1
DA:12,1
DA:13,1
DA:14,1
DA:15,1
LF:15
LH:15
BRF:0
BRH:0
end_of_record
TN:
SF:src/routes/categoriesRoutes.ts
FNF:0
FNH:0
DA:1,1
DA:2,1
DA:3,1
DA:4,1
DA:5,1
DA:6,1
DA:7,1
DA:8,1
DA:9,1
DA:10,1
DA:11,1
DA:12,1
LF:12
LH:12
BRF:0
BRH:0
end_of_record
TN:
SF:src/routes/clubsRoutes.ts
FNF:0
FNH:0
DA:1,1
DA:2,1
DA:3,1
DA:4,1
DA:5,1
DA:6,1
DA:7,1
DA:8,1
DA:9,1
DA:10,1
DA:11,1
DA:12,1
DA:13,1
DA:14,1
DA:15,1
DA:16,1
DA:17,1
DA:18,1
DA:19,1
DA:20,1
DA:21,1
DA:22,1
DA:23,1
DA:24,1
DA:25,1
DA:26,1
DA:27,1
DA:28,1
DA:29,1
DA:30,1
DA:31,1
DA:32,1
DA:33,1
DA:34,1
DA:35,1
DA:36,1
DA:37,1
DA:38,1
DA:39,1
DA:40,1
DA:41,1
DA:42,1
DA:43,1
DA:44,1
DA:45,1
DA:46,1
DA:47,1
DA:48,1
DA:49,1
DA:50,1
DA:51,1
LF:51
LH:51
BRF:0
BRH:0
end_of_record
TN:
SF:src/routes/userRoutes.ts
FNF:0
FNH:0
DA:1,1
DA:2,1
DA:3,1
DA:4,1
DA:5,1
DA:6,1
DA:7,1
DA:8,1
DA:9,1
DA:10,1
DA:11,1
DA:12,1
DA:13,1
DA:14,1
DA:15,1
DA:16,1
DA:17,1
DA:18,1
DA:19,1
DA:20,1
DA:21,1
DA:22,1
DA:23,1
DA:24,1
DA:25,1
DA:26,1
DA:27,1
DA:28,1
DA:29,1
DA:30,1
DA:31,1
DA:32,1
DA:33,1
DA:34,1
DA:35,1
DA:36,1
LF:36
LH:36
BRF:0
BRH:0
end_of_record
TN:
SF:src/services/books/createBooks.service.ts
FN:7,createBooksService
FNF:1
FNH:1
FNDA:8,createBooksService
DA:1,1
DA:2,1
DA:3,1
DA:4,1
DA:5,1
DA:6,1
DA:7,1
DA:8,8
DA:9,8
DA:10,8
DA:11,8
DA:12,1
DA:13,1
DA:14,7
DA:15,8
DA:16,0
DA:17,0
DA:18,7
DA:19,8
DA:20,1
DA:21,1
DA:22,6
DA:23,6
DA:24,6
DA:25,6
DA:26,8
DA:27,0
DA:28,0
DA:29,6
DA:30,6
DA:31,6
DA:32,6
DA:33,6
DA:34,6
DA:35,8
DA:36,2
DA:37,2
DA:38,4
DA:39,4
DA:40,4
DA:41,4
DA:42,4
DA:43,4
DA:44,4
DA:45,4
DA:46,4
DA:47,4
DA:48,4
DA:49,1
DA:50,1
LF:50
LH:46
BRDA:7,0,0,8
BRDA:7,1,0,8
BRDA:11,2,0,1
BRDA:14,3,0,7
BRDA:15,4,0,0
BRDA:18,5,0,7
BRDA:19,6,0,1
BRDA:22,7,0,6
BRDA:26,8,0,0
BRDA:29,9,0,6
BRDA:35,10,0,2
BRDA:38,11,0,4
BRDA:24,12,0,6
BRDA:32,13,0,3
BRDA:32,14,0,2
BRF:15
BRH:13
end_of_record
TN:
SF:src/services/books/deleteBooks.service.ts
FN:5,deleteBooksService
FNF:1
FNH:1
FNDA:1,deleteBooksService
DA:1,1
DA:2,1
DA:3,1
DA:4,1
DA:5,1
DA:6,1
DA:7,1
DA:8,1
DA:9,1
DA:10,1
DA:11,0
DA:12,0
DA:13,1
DA:14,1
DA:15,1
DA:16,1
DA:17,1
DA:18,1
DA:19,1
DA:20,1
DA:21,1
DA:22,1
DA:23,1
DA:24,1
LF:24
LH:22
BRDA:5,0,0,1
BRDA:5,1,0,1
BRDA:10,2,0,0
BRF:3
BRH:2
end_of_record
TN:
SF:src/services/books/listBooks.service.ts
FN:4,listBooksService
FNF:1
FNH:1
FNDA:1,listBooksService
DA:1,1
DA:2,1
DA:3,1
DA:4,1
DA:5,1
DA:6,1
DA:7,1
DA:8,1
DA:9,1
DA:10,1
DA:11,1
LF:11
LH:11
BRDA:4,0,0,1
BRDA:4,1,0,1
BRF:2
BRH:2
end_of_record
TN:
SF:src/services/categories/categoriesCreate.service.ts
FN:6,createCategorieService
FNF:1
FNH:1
FNDA:7,createCategorieService
DA:1,1
DA:2,1
DA:3,1
DA:4,1
DA:5,1
DA:6,1
DA:7,7
DA:8,7
DA:9,7
DA:10,7
DA:11,7
DA:12,7
DA:13,7
DA:14,1
DA:15,1
DA:16,6
DA:17,6
DA:18,6
DA:19,6
DA:20,6
DA:21,7
DA:22,2
DA:23,2
DA:24,4
DA:25,4
DA:26,4
DA:27,4
DA:28,4
DA:29,4
DA:30,4
DA:31,4
DA:32,4
DA:33,1
DA:34,1
LF:34
LH:34
BRDA:6,0,0,7
BRDA:8,1,0,7
BRDA:13,2,0,1
BRDA:16,3,0,6
BRDA:21,4,0,4
BRDA:21,5,0,2
BRDA:18,6,0,2
BRF:7
BRH:7
end_of_record
TN:
SF:src/services/categories/listCategories.service.ts
FN:4,listCategoriesService
FNF:1
FNH:1
FNDA:2,listCategoriesService
DA:1,1
DA:2,1
DA:3,1
DA:4,1
DA:5,2
DA:6,2
DA:7,2
DA:8,2
DA:9,2
DA:10,2
DA:11,1
LF:11
LH:11
BRDA:4,0,0,2
BRDA:4,1,0,2
BRF:2
BRH:2
end_of_record
TN:
SF:src/services/clubs/clubBookEntry.service.ts
FN:7,clubBookEntryService
FNF:1
FNH:1
FNDA:4,clubBookEntryService
DA:1,1
DA:2,1
DA:3,1
DA:4,1
DA:5,1
DA:6,1
DA:7,1
DA:8,4
DA:9,4
DA:10,4
DA:11,4
DA:12,4
DA:13,0
DA:14,0
DA:15,4
DA:16,1
DA:17,1
DA:18,3
DA:19,3
DA:20,3
DA:21,3
DA:22,3
DA:23,3
DA:24,3
DA:25,3
DA:26,4
DA:27,0
DA:28,0
DA:29,4
DA:30,0
DA:31,0
DA:32,3
DA:33,3
DA:34,3
DA:35,3
DA:36,3
DA:37,3
DA:38,3
DA:39,4
DA:40,1
DA:41,1
DA:42,2
DA:43,2
DA:44,2
DA:45,2
DA:46,2
DA:47,2
DA:48,2
DA:49,2
DA:50,2
DA:51,2
DA:52,1
DA:53,1
LF:53
LH:47
BRDA:7,0,0,4
BRDA:7,1,0,4
BRDA:12,2,0,0
BRDA:15,3,0,1
BRDA:18,4,0,3
BRDA:26,5,0,0
BRDA:29,6,0,3
BRDA:29,7,0,0
BRDA:32,8,0,3
BRDA:39,9,0,2
BRDA:39,10,0,1
BRDA:36,11,0,1
BRF:12
BRH:9
end_of_record
TN:
SF:src/services/clubs/clubCreate.service.ts
FN:8,createClubService
FNF:1
FNH:1
FNDA:5,createClubService
DA:1,1
DA:2,1
DA:3,1
DA:4,1
DA:5,1
DA:6,1
DA:7,1
DA:8,1
DA:9,5
DA:10,5
DA:11,5
DA:12,5
DA:13,5
DA:14,5
DA:15,5
DA:16,5
DA:17,1
DA:18,1
DA:19,4
DA:20,4
DA:21,4
DA:22,4
DA:23,4
DA:24,5
DA:25,1
DA:26,1
DA:27,3
DA:28,3
DA:29,3
DA:30,3
DA:31,3
DA:32,5
DA:33,0
DA:34,0
DA:35,3
DA:36,3
DA:37,3
DA:38,3
DA:39,3
DA:40,3
DA:41,3
DA:42,3
DA:43,3
DA:44,3
DA:45,3
DA:46,3
DA:47,3
DA:48,3
DA:49,3
DA:50,3
DA:51,3
DA:52,3
DA:53,1
DA:54,1
LF:54
LH:52
BRDA:8,0,0,5
BRDA:12,1,0,5
BRDA:16,2,0,4
BRDA:16,3,0,1
BRDA:19,4,0,4
BRDA:24,5,0,1
BRDA:27,6,0,3
BRDA:32,7,0,0
BRDA:35,8,0,3
BRF:9
BRH:8
end_of_record
TN:
SF:src/services/clubs/clubEntry.service.ts
FN:7,ClubEntryService
FNF:1
FNH:1
FNDA:3,ClubEntryService
DA:1,1
DA:2,1
DA:3,1
DA:4,1
DA:5,1
DA:6,1
DA:7,1
DA:8,3
DA:9,3
DA:10,3
DA:11,3
DA:12,0
DA:13,0
DA:14,3
DA:15,3
DA:16,3
DA:17,3
DA:18,3
DA:19,1
DA:20,1
DA:21,2
DA:22,2
DA:23,2
DA:24,2
DA:25,2
DA:26,4
DA:27,2
DA:28,2
DA:29,3
DA:30,1
DA:31,1
DA:32,1
DA:33,1
DA:34,1
DA:35,1
DA:36,1
DA:37,1
DA:38,1
DA:39,1
DA:40,1
DA:41,1
DA:42,1
LF:42
LH:40
BRDA:7,0,0,3
BRDA:7,1,0,3
BRDA:11,2,0,0
BRDA:18,3,0,1
BRDA:21,4,0,2
BRDA:29,5,0,1
BRDA:25,6,0,4
BRDA:26,7,0,2
BRF:8
BRH:7
end_of_record
TN:
SF:src/services/clubs/clubListById.service.ts
FN:6,clubListByIdService
FNF:1
FNH:1
FNDA:3,clubListByIdService
DA:1,1
DA:2,1
DA:3,1
DA:4,1
DA:5,1
DA:6,1
DA:7,3
DA:8,3
DA:9,3
DA:10,3
DA:11,3
DA:12,3
DA:13,3
DA:14,2
DA:15,2
DA:16,1
DA:17,1
DA:18,1
DA:19,1
DA:20,1
DA:21,1
DA:22,1
DA:23,1
DA:24,1
DA:25,1
DA:26,1
DA:27,1
DA:28,1
DA:29,1
LF:29
LH:29
BRDA:6,0,0,3
BRDA:6,1,0,3
BRDA:13,2,0,2
BRDA:16,3,0,1
BRF:4
BRH:4
end_of_record
TN:
SF:src/services/clubs/clubMeetings.service.ts
FN:10,clubMeetingsService
FNF:1
FNH:1
FNDA:2,clubMeetingsService
DA:1,1
DA:2,1
DA:3,1
DA:4,1
DA:5,1
DA:6,1
DA:7,1
DA:8,1
DA:9,1
DA:10,1
DA:11,2
DA:12,2
DA:13,2
DA:14,2
DA:15,2
DA:16,2
DA:17,2
DA:18,2
DA:19,2
DA:20,1
DA:21,1
DA:22,1
DA:23,1
DA:24,1
DA:25,1
DA:26,1
DA:27,1
DA:28,1
DA:29,2
DA:30,0
DA:31,0
DA:32,1
DA:33,1
DA:34,1
DA:35,1
DA:36,1
DA:37,1
DA:38,1
DA:39,1
DA:40,1
DA:41,1
DA:42,1
DA:43,1
DA:44,1
DA:45,1
DA:46,1
DA:47,1
DA:48,1
DA:49,1
DA:50,1
DA:51,1
DA:52,1
DA:53,1
DA:54,1
DA:55,1
DA:56,1
DA:57,1
DA:58,1
DA:59,1
DA:60,1
DA:61,1
DA:62,1
DA:63,1
DA:64,1
DA:65,1
DA:66,1
LF:66
LH:64
BRDA:10,0,0,2
BRDA:15,1,0,2
BRDA:19,2,0,1
BRDA:19,3,0,1
BRDA:29,4,0,0
BRDA:32,5,0,1
BRDA:27,6,0,1
BRDA:55,7,0,2
BRF:8
BRH:7
end_of_record
TN:
SF:src/services/clubs/clubUserList.service.ts
FN:7,ClubUserListService
FNF:1
FNH:1
FNDA:2,ClubUserListService
DA:1,1
DA:2,1
DA:3,1
DA:4,1
DA:5,1
DA:6,1
DA:7,1
DA:8,2
DA:9,2
DA:10,2
DA:11,2
DA:12,1
DA:13,1
DA:14,1
DA:15,1
DA:16,1
DA:17,1
DA:18,1
DA:19,1
DA:20,1
DA:21,1
DA:22,1
DA:23,1
DA:24,1
DA:25,1
DA:26,1
DA:27,1
DA:28,1
DA:29,1
DA:30,1
DA:31,1
DA:32,1
DA:33,1
LF:33
LH:33
BRDA:7,0,0,2
BRDA:7,1,0,2
BRDA:11,2,0,1
BRF:3
BRH:3
end_of_record
TN:
SF:src/services/clubs/clubsList.service.ts
FN:6,clubsListService
FNF:1
FNH:1
FNDA:3,clubsListService
DA:1,1
DA:2,1
DA:3,1
DA:4,1
DA:5,1
DA:6,1
DA:7,3
DA:8,3
DA:9,3
DA:10,3
DA:11,3
DA:12,0
DA:13,0
DA:14,3
DA:15,3
DA:16,3
DA:17,3
DA:18,3
DA:19,3
DA:20,3
DA:21,3
DA:22,3
DA:23,3
DA:24,3
DA:25,1
DA:26,1
LF:26
LH:24
BRDA:6,0,0,3
BRDA:6,1,0,3
BRDA:11,2,0,0
BRF:3
BRH:2
end_of_record
TN:
SF:src/services/clubs/clubsListMeetings.service.ts
FN:6,clubsListMeetingsService
FNF:1
FNH:1
FNDA:2,clubsListMeetingsService
DA:1,1
DA:2,1
DA:3,1
DA:4,1
DA:5,1
DA:6,1
DA:7,2
DA:8,2
DA:9,2
DA:10,2
DA:11,2
DA:12,2
DA:13,2
DA:14,2
DA:15,2
DA:16,1
DA:17,1
DA:18,1
DA:19,1
DA:20,1
DA:21,1
DA:22,1
DA:23,1
DA:24,1
DA:25,2
DA:26,0
DA:27,0
DA:28,1
DA:29,1
DA:30,1
DA:31,1
DA:32,1
DA:33,1
DA:34,1
DA:35,1
DA:36,1
DA:37,1
DA:38,1
DA:39,1
DA:40,1
LF:40
LH:38
BRDA:6,0,0,2
BRDA:6,1,0,2
BRDA:15,2,0,1
BRDA:25,3,0,0
BRDA:28,4,0,1
BRDA:20,5,0,1
BRF:6
BRH:5
end_of_record
TN:
SF:src/services/clubs/deleteClub.service.ts
FN:5,deleteclubService
FNF:1
FNH:1
FNDA:1,deleteclubService
DA:1,1
DA:2,1
DA:3,1
DA:4,1
DA:5,1
DA:6,1
DA:7,1
DA:8,1
DA:9,1
DA:10,1
DA:11,1
DA:12,0
DA:13,0
DA:14,1
DA:15,1
DA:16,0
DA:17,0
DA:18,1
DA:19,1
DA:20,1
DA:21,1
DA:22,1
DA:23,1
DA:24,1
DA:25,1
DA:26,1
DA:27,1
LF:27
LH:23
BRDA:5,0,0,1
BRDA:5,1,0,1
BRDA:11,2,0,0
BRDA:15,3,0,0
BRF:4
BRH:2
end_of_record
TN:
SF:src/services/clubs/exitClub.service.ts
FN:8,exitClubService
FNF:1
FNH:0
FNDA:0,exitClubService
DA:1,1
DA:2,1
DA:3,1
DA:4,1
DA:5,1
DA:6,1
DA:7,1
DA:8,1
DA:9,0
DA:10,0
DA:11,0
DA:12,0
DA:13,0
DA:14,0
DA:15,0
DA:16,0
DA:17,0
DA:18,0
DA:19,0
DA:20,0
DA:21,0
DA:22,0
DA:23,0
DA:24,0
DA:25,0
DA:26,0
DA:27,0
DA:28,0
DA:29,0
DA:30,0
DA:31,0
DA:32,0
DA:33,0
DA:34,0
DA:35,0
DA:36,0
DA:37,0
DA:38,0
DA:39,0
DA:40,0
DA:41,0
DA:42,0
DA:43,0
DA:44,0
DA:45,0
DA:46,1
DA:47,1
LF:47
LH:10
BRF:0
BRH:0
end_of_record
TN:
SF:src/services/clubs/updateClub.service.ts
FN:6,UpdateClubService
FNF:1
FNH:1
FNDA:1,UpdateClubService
DA:1,1
DA:2,1
DA:3,1
DA:4,1
DA:5,1
DA:6,1
DA:7,1
DA:8,1
DA:9,1
DA:10,1
DA:11,1
DA:12,1
DA:13,1
DA:14,1
DA:15,1
DA:16,1
DA:17,1
DA:18,0
DA:19,0
DA:20,1
DA:21,1
DA:22,0
DA:23,0
DA:24,0
DA:25,0
DA:26,0
DA:27,1
DA:28,1
DA:29,1
DA:30,1
DA:31,1
DA:32,1
DA:33,1
DA:34,1
DA:35,1
DA:36,1
DA:37,1
DA:38,1
DA:39,1
DA:40,1
DA:41,1
DA:42,1
DA:43,1
DA:44,1
DA:45,1
LF:45
LH:38
BRDA:6,0,0,1
BRDA:10,1,0,1
BRDA:17,2,0,0
BRDA:21,3,0,0
BRF:4
BRH:2
end_of_record
TN:
SF:src/services/users/createUser.service.ts
FN:8,createUserService
FNF:1
FNH:1
FNDA:7,createUserService
DA:1,1
DA:2,1
DA:3,1
DA:4,1
DA:5,1
DA:6,1
DA:7,1
DA:8,7
DA:9,7
DA:10,7
DA:11,7
DA:12,7
DA:13,7
DA:14,7
DA:15,7
DA:16,1
DA:17,1
DA:18,6
DA:19,6
DA:20,6
DA:21,6
DA:22,6
DA:23,6
DA:24,6
DA:25,6
DA:26,6
DA:27,6
DA:28,6
DA:29,6
DA:30,1
DA:31,1
LF:31
LH:31
BRDA:8,0,0,7
BRDA:15,1,0,1
BRDA:18,2,0,6
BRF:3
BRH:3
end_of_record
TN:
SF:src/services/users/createUserAdm.service.ts
FN:8,createUserAdmService
FNF:1
FNH:1
FNDA:1,createUserAdmService
DA:1,1
DA:2,1
DA:3,1
DA:4,1
DA:5,1
DA:6,1
DA:7,1
DA:8,1
DA:9,1
DA:10,1
DA:11,1
DA:12,1
DA:13,1
DA:14,1
DA:15,1
DA:16,0
DA:17,0
DA:18,1
DA:19,1
DA:20,0
DA:21,0
DA:22,1
DA:23,1
DA:24,1
DA:25,1
DA:26,1
DA:27,1
DA:28,1
DA:29,1
DA:30,1
DA:31,1
DA:32,1
DA:33,1
DA:34,1
DA:35,1
LF:35
LH:31
BRDA:8,0,0,1
BRDA:15,1,0,0
BRDA:19,2,0,0
BRF:3
BRH:1
end_of_record
TN:
SF:src/services/users/deleteUser.service.ts
FN:5,deleteUserService
FNF:1
FNH:1
FNDA:1,deleteUserService
DA:1,1
DA:2,1
DA:3,1
DA:4,1
DA:5,1
DA:6,1
DA:7,1
DA:8,1
DA:9,1
DA:10,1
DA:11,1
DA:12,0
DA:13,0
DA:14,1
DA:15,1
DA:16,0
DA:17,0
DA:18,1
DA:19,1
DA:20,1
DA:21,1
DA:22,1
DA:23,1
DA:24,1
DA:25,1
DA:26,1
DA:27,1
LF:27
LH:23
BRDA:5,0,0,1
BRDA:5,1,0,1
BRDA:11,2,0,0
BRDA:15,3,0,0
BRF:4
BRH:2
end_of_record
TN:
SF:src/services/users/listAnUser.service.ts
FN:5,ListAnUsersService
FNF:1
FNH:1
FNDA:2,ListAnUsersService
DA:1,1
DA:2,1
DA:3,1
DA:4,1
DA:5,1
DA:6,2
DA:7,2
DA:8,2
DA:9,2
DA:10,1
DA:11,1
DA:12,1
DA:13,1
DA:14,1
DA:15,1
LF:15
LH:15
BRDA:5,0,0,2
BRDA:5,1,0,2
BRDA:9,2,0,1
BRF:3
BRH:3
end_of_record
TN:
SF:src/services/users/listUserClubs.service.ts
FN:7,listUserClubsService
FNF:1
FNH:1
FNDA:2,listUserClubsService
DA:1,1
DA:2,1
DA:3,1
DA:4,1
DA:5,1
DA:6,1
DA:7,1
DA:8,2
DA:9,2
DA:10,2
DA:11,2
DA:12,2
DA:13,0
DA:14,0
DA:15,2
DA:16,2
DA:17,2
DA:18,2
DA:19,2
DA:20,2
DA:21,2
DA:22,2
DA:23,2
DA:24,2
DA:25,2
DA:26,1
DA:27,1
LF:27
LH:25
BRDA:7,0,0,2
BRDA:7,1,0,2
BRDA:12,2,0,0
BRF:3
BRH:2
end_of_record
TN:
SF:src/services/users/listUsers.service.ts
FN:4,ListUsersService
FNF:1
FNH:1
FNDA:10,ListUsersService
DA:1,1
DA:2,1
DA:3,1
DA:4,1
DA:5,10
DA:6,10
DA:7,10
DA:8,1
LF:8
LH:8
BRDA:4,0,0,10
BRDA:4,1,0,10
BRF:2
BRH:2
end_of_record
TN:
SF:src/services/users/loginUser.service.ts
FN:8,loginUserService
FNF:1
FNH:1
FNDA:47,loginUserService
DA:1,1
DA:2,1
DA:3,1
DA:4,1
DA:5,1
DA:6,1
DA:7,1
DA:8,1
DA:9,47
DA:10,47
DA:11,47
DA:12,47
DA:13,47
DA:14,1
DA:15,1
DA:16,46
DA:17,47
DA:18,0
DA:19,0
DA:20,46
DA:21,46
DA:22,46
DA:23,47
DA:24,0
DA:25,0
DA:26,46
DA:27,46
DA:28,46
DA:29,46
DA:30,46
DA:31,46
DA:32,46
DA:33,46
DA:34,46
DA:35,46
DA:36,46
DA:37,46
DA:38,46
DA:39,46
DA:40,46
DA:41,46
DA:42,46
DA:43,46
DA:44,46
DA:45,46
DA:46,1
DA:47,1
LF:47
LH:43
BRDA:8,0,0,47
BRDA:8,1,0,47
BRDA:13,2,0,1
BRDA:16,3,0,46
BRDA:17,4,0,0
BRDA:20,5,0,46
BRDA:23,6,0,0
BRDA:26,7,0,46
BRF:8
BRH:6
end_of_record
TN:
SF:src/services/users/updateAnUser.service.ts
FN:7,UpdateAnUsersService
FNF:1
FNH:1
FNDA:3,UpdateAnUsersService
DA:1,1
DA:2,1
DA:3,1
DA:4,1
DA:5,1
DA:6,1
DA:7,1
DA:8,3
DA:9,3
DA:10,3
DA:11,3
DA:12,3
DA:13,3
DA:14,3
DA:15,3
DA:16,3
DA:17,0
DA:18,0
DA:19,3
DA:20,3
DA:21,1
DA:22,1
DA:23,2
DA:24,3
DA:25,1
DA:26,1
DA:27,1
DA:28,1
DA:29,3
DA:30,3
DA:31,3
DA:32,3
DA:33,3
DA:34,3
DA:35,1
DA:36,1
DA:37,1
DA:38,1
DA:39,1
DA:40,1
LF:40
LH:38
BRDA:7,0,0,3
BRDA:7,1,0,3
BRDA:16,2,0,0
BRDA:20,3,0,2
BRDA:20,4,0,1
BRDA:23,5,0,2
BRDA:24,6,0,1
BRDA:29,7,0,0
BRDA:30,8,0,1
BRDA:30,9,0,0
BRDA:32,10,0,1
BRDA:33,11,0,0
BRDA:35,12,0,1
BRDA:13,13,0,6
BRF:14
BRH:10
end_of_record
TN:
SF:src/services/users/userBooks.service.ts
FN:9,booksUserService
FNF:1
FNH:1
FNDA:2,booksUserService
DA:1,1
DA:2,1
DA:3,1
DA:4,1
DA:5,1
DA:6,1
DA:7,1
DA:8,1
DA:9,1
DA:10,2
DA:11,2
DA:12,2
DA:13,2
DA:14,2
DA:15,2
DA:16,1
DA:17,1
DA:18,1
DA:19,1
DA:20,1
DA:21,1
DA:22,1
DA:23,1
DA:24,1
DA:25,1
DA:26,1
DA:27,1
DA:28,1
DA:29,1
DA:30,1
DA:31,1
DA:32,1
DA:33,1
LF:33
LH:33
BRDA:9,0,0,2
BRDA:9,1,0,2
BRDA:15,2,0,1
BRF:3
BRH:3
end_of_record
TN:
SF:src/utils/email.message.ts
FN:1,emailMessage
FNF:1
FNH:1
FNDA:1,emailMessage
DA:1,1
DA:2,1
DA:3,1
DA:4,1
DA:5,1
DA:6,1
DA:7,1
DA:8,1
DA:9,1
DA:10,1
DA:11,1
DA:12,1
DA:13,1
DA:14,1
DA:15,1
DA:16,1
DA:17,1
DA:18,1
DA:19,1
DA:20,1
DA:21,1
DA:22,1
DA:23,1
DA:24,1
LF:24
LH:24
BRDA:1,0,0,1
BRF:1
BRH:1
end_of_record
TN:
SF:src/utils/index.ts
FN:5,sendEmail
FNF:1
FNH:1
FNDA:1,sendEmail
DA:1,1
DA:2,1
DA:3,1
DA:4,1
DA:5,1
DA:6,1
DA:7,1
DA:8,1
DA:9,1
DA:10,1
DA:11,1
DA:12,1
DA:13,1
DA:14,1
DA:15,1
DA:16,1
DA:17,1
DA:18,1
DA:19,1
DA:20,1
DA:21,1
DA:22,1
DA:23,1
DA:24,1
DA:25,1
DA:26,1
DA:27,0
DA:28,0
DA:29,1
DA:30,1
DA:31,1
DA:32,1
LF:32
LH:30
BRDA:5,0,0,1
BRDA:5,1,0,1
BRDA:23,2,0,1
BRF:3
BRH:3
end_of_record
